#
# There is insufficient memory for the Java Runtime Environment to continue.
# Native memory allocation (mmap) failed to map 268435456 bytes for G1 virtual space
# Possible reasons:
#   The system is out of physical RAM or swap space
#   The process is running with CompressedOops enabled, and the Java Heap may be blocking the growth of the native heap
# Possible solutions:
#   Reduce memory load on the system
#   Increase physical memory or swap space
#   Check if swap backing store is full
#   Decrease Java heap size (-Xmx/-Xms)
#   Decrease number of Java threads
#   Decrease Java thread stack sizes (-Xss)
#   Set larger code cache with -XX:ReservedCodeCacheSize=
#   JVM is running with Zero Based Compressed Oops mode in which the Java heap is
#     placed in the first 32GB address space. The Java Heap base address is the
#     maximum limit for the native heap growth. Please use -XX:HeapBaseMinAddress
#     to set the Java Heap base and to place the Java Heap above 32GB virtual address.
# This output file may be truncated or incomplete.
#
#  Out of Memory Error (os_windows.cpp:3466), pid=28104, tid=16764
#
# JRE version:  (16.0.2+7) (build )
# Java VM: Java HotSpot(TM) 64-Bit Server VM (16.0.2+7-67, mixed mode, sharing, tiered, compressed oops, compressed class ptrs, g1 gc, windows-amd64)
# No core dump will be written. Minidumps are not enabled by default on client versions of Windows
#

---------------  S U M M A R Y ------------

Command Line: -Dfile.encoding=Cp1252 -XX:+ShowCodeDetailsInExceptionMessages librarysystem.Main

Host: Intel(R) Core(TM) i7-8650U CPU @ 1.90GHz, 8 cores, 15G,  Windows 10 , 64 bit Build 19041 (10.0.19041.1202)
Time: Fri Oct  8 02:20:59 2021 Central Daylight Time elapsed time: 0.022461 seconds (0d 0h 0m 0s)

---------------  T H R E A D  ---------------

Current thread (0x00000253cfbadff0):  JavaThread "Unknown thread" [_thread_in_vm, id=16764, stack(0x000000bfa7700000,0x000000bfa7800000)]

Stack: [0x000000bfa7700000,0x000000bfa7800000]
Native frames: (J=compiled Java code, j=interpreted, Vv=VM code, C=native code)
V  [jvm.dll+0x6681ca]
V  [jvm.dll+0x7c9e69]
V  [jvm.dll+0x7cb61e]
V  [jvm.dll+0x7cbc73]
V  [jvm.dll+0x242c55]
V  [jvm.dll+0x664f89]
V  [jvm.dll+0x659b75]
V  [jvm.dll+0x2fbfbb]
V  [jvm.dll+0x3031b6]
V  [jvm.dll+0x35299e]
V  [jvm.dll+0x352bcf]
V  [jvm.dll+0x2d3028]
V  [jvm.dll+0x2d4264]
V  [jvm.dll+0x79c741]
V  [jvm.dll+0x360791]
V  [jvm.dll+0x77a3f0]
V  [jvm.dll+0x3e4e8f]
V  [jvm.dll+0x3e6961]
C  [jli.dll+0x52fb]
C  [ucrtbase.dll+0x21bb2]
C  [KERNEL32.DLL+0x17034]
C  [ntdll.dll+0x52651]


---------------  P R O C E S S  ---------------

Threads class SMR info:
_java_thread_list=0x00007ffb39e6cbb8, length=0, elements={
}

Java Threads: ( => current thread )

Other Threads:
  0x00000253d1c9c680 GCTaskThread "GC Thread#0" [stack: 0x000000bfa7800000,0x000000bfa7900000] [id=10608]
  0x00000253d1cade20 ConcurrentGCThread "G1 Main Marker" [stack: 0x000000bfa7900000,0x000000bfa7a00000] [id=17104]
  0x00000253d1cae910 ConcurrentGCThread "G1 Conc#0" [stack: 0x000000bfa7a00000,0x000000bfa7b00000] [id=21628]

[error occurred during error reporting (printing all threads), id 0xc0000005, EXCEPTION_ACCESS_VIOLATION (0xc0000005) at pc=0x00007ffb39643ee7]

VM state: not at safepoint (not fully initialized)

VM Mutex/Monitor currently owned by a thread:  ([mutex/lock_event])
[0x00000253cfbab850] Heap_lock - owner thread: 0x00000253cfbadff0

Heap address: 0x0000000701400000, size: 4076 MB, Compressed Oops mode: Zero based, Oop shift amount: 3

CDS archive(s) mapped at: [0x0000000000000000-0x0000000000000000-0x0000000000000000), size 0, SharedBaseAddress: 0x0000000800000000, ArchiveRelocationMode: 0.
Narrow klass base: 0x0000000000000000, Narrow klass shift: 0, Narrow klass range: 0x0

GC Precious Log:
<Empty>

Heap:
 garbage-first heap   total 0K, used 0K [0x0000000701400000, 0x0000000800000000)
  region size 2048K, 0 young (0K), 0 survivors (0K)

[error occurred during error reporting (printing heap information), id 0xc0000005, EXCEPTION_ACCESS_VIOLATION (0xc0000005) at pc=0x00007ffb39a21eed]

GC Heap History (0 events):
No events

Deoptimization events (0 events):
No events

Classes unloaded (0 events):
No events

Classes redefined (0 events):
No events

Internal exceptions (0 events):
No events

Events (1 events):
Event: 0.013 Loaded shared library C:\Program Files\Java\jdk-16.0.2\bin\java.dll


Dynamic libraries:
0x00007ff7de420000 - 0x00007ff7de430000 	C:\Program Files\Java\jdk-16.0.2\bin\javaw.exe
0x00007ffbaad70000 - 0x00007ffbaaf65000 	C:\WINDOWS\SYSTEM32\ntdll.dll
0x00007ffba9060000 - 0x00007ffba911e000 	C:\WINDOWS\System32\KERNEL32.DLL
0x00007ffba8800000 - 0x00007ffba8ac9000 	C:\WINDOWS\System32\KERNELBASE.dll
0x00007ffba86d0000 - 0x00007ffba87d0000 	C:\WINDOWS\System32\ucrtbase.dll
0x00007ffba3470000 - 0x00007ffba3488000 	C:\Program Files\Java\jdk-16.0.2\bin\jli.dll
0x00007ffba3430000 - 0x00007ffba3449000 	C:\Program Files\Java\jdk-16.0.2\bin\VCRUNTIME140.dll
0x00007ffbaa7d0000 - 0x00007ffbaa87c000 	C:\WINDOWS\System32\ADVAPI32.dll
0x00007ffbaa910000 - 0x00007ffbaa9ae000 	C:\WINDOWS\System32\msvcrt.dll
0x00007ffba8f00000 - 0x00007ffba8f9b000 	C:\WINDOWS\System32\sechost.dll
0x00007ffba9360000 - 0x00007ffba948a000 	C:\WINDOWS\System32\RPCRT4.dll
0x00007ffbaa330000 - 0x00007ffbaa4d1000 	C:\WINDOWS\System32\USER32.dll
0x00007ffb93bb0000 - 0x00007ffb93e4a000 	C:\WINDOWS\WinSxS\amd64_microsoft.windows.common-controls_6595b64144ccf1df_6.0.19041.1110_none_60b5254171f9507e\COMCTL32.dll
0x00007ffba87d0000 - 0x00007ffba87f2000 	C:\WINDOWS\System32\win32u.dll
0x00007ffba8e50000 - 0x00007ffba8e7b000 	C:\WINDOWS\System32\GDI32.dll
0x00007ffba85c0000 - 0x00007ffba86cb000 	C:\WINDOWS\System32\gdi32full.dll
0x00007ffba8d20000 - 0x00007ffba8dbd000 	C:\WINDOWS\System32\msvcp_win.dll
0x00007ffb99b90000 - 0x00007ffb99b9a000 	C:\WINDOWS\SYSTEM32\VERSION.dll
0x00007ffbaa4e0000 - 0x00007ffbaa510000 	C:\WINDOWS\System32\IMM32.DLL
0x00007ffba3520000 - 0x00007ffba352c000 	C:\Program Files\Java\jdk-16.0.2\bin\vcruntime140_1.dll
0x00007ffb762b0000 - 0x00007ffb76341000 	C:\Program Files\Java\jdk-16.0.2\bin\msvcp140.dll
0x00007ffb39360000 - 0x00007ffb39f0b000 	C:\Program Files\Java\jdk-16.0.2\bin\server\jvm.dll
0x00007ffba8ef0000 - 0x00007ffba8ef8000 	C:\WINDOWS\System32\PSAPI.DLL
0x00007ffb90a80000 - 0x00007ffb90a89000 	C:\WINDOWS\SYSTEM32\WSOCK32.dll
0x00007ffb86c00000 - 0x00007ffb86c27000 	C:\WINDOWS\SYSTEM32\WINMM.dll
0x00007ffba91d0000 - 0x00007ffba923b000 	C:\WINDOWS\System32\WS2_32.dll
0x00007ffba6cd0000 - 0x00007ffba6ce2000 	C:\WINDOWS\SYSTEM32\kernel.appcore.dll
0x00007ffba33e0000 - 0x00007ffba33ea000 	C:\Program Files\Java\jdk-16.0.2\bin\jimage.dll
0x00007ffba61c0000 - 0x00007ffba63a4000 	C:\WINDOWS\SYSTEM32\DBGHELP.DLL
0x00007ffb8f060000 - 0x00007ffb8f08c000 	C:\WINDOWS\SYSTEM32\dbgcore.DLL
0x00007ffba8c90000 - 0x00007ffba8d13000 	C:\WINDOWS\System32\bcryptPrimitives.dll
0x00007ffb7b4b0000 - 0x00007ffb7b4d5000 	C:\Program Files\Java\jdk-16.0.2\bin\java.dll

dbghelp: loaded successfully - version: 4.0.5 - missing functions: none
symbol engine: initialized successfully - sym options: 0x614 - pdb path: .;C:\Program Files\Java\jdk-16.0.2\bin;C:\WINDOWS\SYSTEM32;C:\WINDOWS\WinSxS\amd64_microsoft.windows.common-controls_6595b64144ccf1df_6.0.19041.1110_none_60b5254171f9507e;C:\Program Files\Java\jdk-16.0.2\bin\server

VM Arguments:
jvm_args: -Dfile.encoding=Cp1252 -XX:+ShowCodeDetailsInExceptionMessages 
java_command: librarysystem.Main
java_class_path (initial): C:\Users\cyber\git\MppProject\LibraryProject\bin
Launcher Type: SUN_STANDARD

[Global flags]
     intx CICompilerCount                          = 4                                         {product} {ergonomic}
     uint ConcGCThreads                            = 2                                         {product} {ergonomic}
     uint G1ConcRefinementThreads                  = 8                                         {product} {ergonomic}
   size_t G1HeapRegionSize                         = 2097152                                   {product} {ergonomic}
    uintx GCDrainStackTargetSize                   = 64                                        {product} {ergonomic}
   size_t InitialHeapSize                          = 268435456                                 {product} {ergonomic}
   size_t MarkStackSize                            = 4194304                                   {product} {ergonomic}
   size_t MaxHeapSize                              = 4273995776                                {product} {ergonomic}
   size_t MinHeapDeltaBytes                        = 2097152                                   {product} {ergonomic}
   size_t MinHeapSize                              = 8388608                                   {product} {ergonomic}
    uintx NonNMethodCodeHeapSize                   = 5839372                                {pd product} {ergonomic}
    uintx NonProfiledCodeHeapSize                  = 122909434                              {pd product} {ergonomic}
    uintx ProfiledCodeHeapSize                     = 122909434                              {pd product} {ergonomic}
    uintx ReservedCodeCacheSize                    = 251658240                              {pd product} {ergonomic}
     bool SegmentedCodeCache                       = true                                      {product} {ergonomic}
     bool ShowCodeDetailsInExceptionMessages       = true                                   {manageable} {command line}
   size_t SoftMaxHeapSize                          = 4273995776                             {manageable} {ergonomic}
     bool UseCompressedClassPointers               = true                           {product lp64_product} {ergonomic}
     bool UseCompressedOops                        = true                           {product lp64_product} {ergonomic}
     bool UseG1GC                                  = true                                      {product} {ergonomic}
     bool UseLargePagesIndividualAllocation        = false                                  {pd product} {ergonomic}

Logging:
Log output configuration:
 #0: stdout all=warning uptime,level,tags
 #1: stderr all=off uptime,level,tags

Environment Variables:
JAVA_HOME=C:\Program Files\Java\jdk-16.0.2
PATH=C:\Program Files\Common Files\Oracle\Java\javapath;C:\Python38\Scripts\;C:\Python38\;C:\Program Files\Microsoft MPI\Bin\;C:\Program Files\NVIDIA GPU Computing Toolkit\CUDA\v10.2\bin;C:\Program Files\NVIDIA GPU Computing Toolkit\CUDA\v10.2\libnvvp;C:\windows\system32;C:\windows;C:\windows\System32\Wbem;C:\windows\System32\WindowsPowerShell\v1.0\;C:\windows\System32\OpenSSH\;C:\Program Files\NVIDIA Corporation\NVIDIA NvDLISR;C:\Program Files (x86)\NVIDIA Corporation\PhysX\Common;C:\Program Files\dotnet\;C:\Program Files\Microsoft SQL Server\130\Tools\Binn\;C:\Program Files\Microsoft SQL Server\Client SDK\ODBC\170\Tools\Binn\;C:\Program Files\NVIDIA Corporation\Nsight Compute 2019.5.0\;C:\WINDOWS\system32;C:\WINDOWS;C:\WINDOWS\System32\Wbem;C:\WINDOWS\System32\WindowsPowerShell\v1.0\;C:\WINDOWS\System32\OpenSSH\;C:\Program Files (x86)\Microsoft SQL Server\150\DTS\Binn\;C:\Program Files (x86)\Microsoft SQL Server\140\Tools\Binn\;C:\Program Files\Microsoft SQL Server\140\Tools\Binn\;C:\Program Files (x86)\Microsoft SQL Server\140\DTS\Binn\;C:\Program Files\Microsoft SQL Server\140\DTS\Binn\;C:\Program Files\Microsoft SQL Server\Client SDK\ODBC\130\Tools\Binn\;C:\Program Files\nodejs\;C:\ProgramData\chocolatey\bin;C:\Program Files\Git\cmd;C:\Program Files (x86)\Microsoft Emulator Manager\1.0\;C:\Program Files (x86)\Common Files\Intuit\QBPOSSDKRuntime;C:\Program Files\Java\jdk-15.0.2\bin;C:\Program Files\MySQL\MySQL Shell 8.0\bin\;C:\Users\cyber\AppData\Local\Microsoft\WindowsApps;C:\Users\cyber\AppData\Local\Programs\MiKTeX 2.9\miktex\bin\x64\;C:\ProgramData\Yohannes\GitHubDesktop\bin;C:\Users\cyber\AppData\Local\Microsoft\WindowsApps;C:\Users\cyber\AppData\Roaming\npm;C:\Users\cyber\AppData\Local\Programs\Microsoft VS Code\bin;C:\Users\cyber\.dotnet\tools;C:\xampp\mysql\bin;;C:\Program Files\JetBrains\IntelliJ IDEA 2021.2.2\bin;
USERNAME=Yohannes
OS=Windows_NT
PROCESSOR_IDENTIFIER=Intel64 Family 6 Model 142 Stepping 10, GenuineIntel



---------------  S Y S T E M  ---------------

OS:
 Windows 10 , 64 bit Build 19041 (10.0.19041.1202)
OS uptime: 3 days 0:51 hours
Hyper-V role detected

CPU: total 8 (initial active 8) (4 cores per cpu, 2 threads per core) family 6 model 142 stepping 10 microcode 0xe8, cx8, cmov, fxsr, ht, mmx, 3dnowpref, sse, sse2, sse3, ssse3, sse4.1, sse4.2, popcnt, lzcnt, tsc, tscinvbit, avx, avx2, aes, erms, clmul, bmi1, bmi2, rtm, adx, fma, vzeroupper, clflush, clflushopt, hv

Memory: 4k page, system-wide physical 16301M (3330M free)
TotalPageFile size 42704M (AvailPageFile size 243M)
current process WorkingSet (physical memory assigned to process): 10M, peak: 10M
current process commit charge ("private bytes"): 60M, peak: 316M

vm_info: Java HotSpot(TM) 64-Bit Server VM (16.0.2+7-67) for windows-amd64 JRE (16.0.2+7-67), built on Jun  8 2021 23:24:19 by "mach5one" with MS VC++ 16.7 (VS2019)

END.
